#
# There is insufficient memory for the Java Runtime Environment to continue.
# Native memory allocation (malloc) failed to allocate 121872 bytes for Chunk::new
# Possible reasons:
#   The system is out of physical RAM or swap space
#   In 32 bit mode, the process size limit was hit
# Possible solutions:
#   Reduce memory load on the system
#   Increase physical memory or swap space
#   Check if swap backing store is full
#   Use 64 bit Java on a 64 bit OS
#   Decrease Java heap size (-Xmx/-Xms)
#   Decrease number of Java threads
#   Decrease Java thread stack sizes (-Xss)
#   Set larger code cache with -XX:ReservedCodeCacheSize=
# This output file may be truncated or incomplete.
#
#  Out of Memory Error (allocation.cpp:390), pid=8128, tid=3184
#
# JRE version: Java(TM) SE Runtime Environment (8.0_20-b26) (build 1.8.0_20-b26)
# Java VM: Java HotSpot(TM) 64-Bit Server VM (25.20-b23 mixed mode windows-amd64 compressed oops)
# Failed to write core dump. Minidumps are not enabled by default on client versions of Windows
#

---------------  T H R E A D  ---------------

Current thread (0x000000005893d000):  JavaThread "C2 CompilerThread1" daemon [_thread_in_native, id=3184, stack(0x000000005a310000,0x000000005a410000)]

Stack: [0x000000005a310000,0x000000005a410000]
[error occurred during error reporting (printing stack bounds), id 0xc0000005]

Native frames: (J=compiled Java code, j=interpreted, Vv=VM code, C=native code)
V  [jvm.dll+0x3152fa]


Current CompileTask:
C2:  19105 1847       4       sun.nio.cs.UTF_8$Decoder::decode (779 bytes)


---------------  P R O C E S S  ---------------

Java Threads: ( => current thread )
  0x000000005ee59000 JavaThread "Image Fetcher 0" daemon [_thread_blocked, id=7524, stack(0x0000000061b30000,0x0000000061c30000)]
  0x000000005ae06000 JavaThread "TimerQueue" daemon [_thread_blocked, id=2344, stack(0x0000000061870000,0x0000000061970000)]
  0x000000005ad2e000 JavaThread "D3D Screen Updater" daemon [_thread_blocked, id=8828, stack(0x0000000060b80000,0x0000000060c80000)]
  0x0000000001f6d800 JavaThread "DestroyJavaVM" [_thread_blocked, id=4300, stack(0x0000000002280000,0x0000000002380000)]
  0x000000005a7b7800 JavaThread "Swing-Shell" daemon [_thread_blocked, id=8772, stack(0x000000005c910000,0x000000005ca10000)]
  0x000000005a751000 JavaThread "AWT-EventQueue-0" [_thread_blocked, id=688, stack(0x000000005c6e0000,0x000000005c7e0000)]
  0x0000000058c7f000 JavaThread "AWT-Windows" daemon [_thread_in_native, id=2004, stack(0x000000005b320000,0x000000005b420000)]
  0x0000000058c7e000 JavaThread "AWT-Shutdown" [_thread_blocked, id=6528, stack(0x000000005b1e0000,0x000000005b2e0000)]
  0x000000005a6db000 JavaThread "Java2D Disposer" daemon [_thread_blocked, id=6204, stack(0x000000005aef0000,0x000000005aff0000)]
  0x00000000589bd800 JavaThread "Service Thread" daemon [_thread_blocked, id=8524, stack(0x0000000059e80000,0x0000000059f80000)]
  0x000000005895e800 JavaThread "C1 CompilerThread3" daemon [_thread_blocked, id=7920, stack(0x000000005a080000,0x000000005a180000)]
  0x0000000058943800 JavaThread "C2 CompilerThread2" daemon [_thread_in_native, id=8668, stack(0x000000005a460000,0x000000005a560000)]
=>0x000000005893d000 JavaThread "C2 CompilerThread1" daemon [_thread_in_native, id=3184, stack(0x000000005a310000,0x000000005a410000)]
  0x0000000058938800 JavaThread "C2 CompilerThread0" daemon [_thread_blocked, id=2472, stack(0x0000000059bf0000,0x0000000059cf0000)]
  0x0000000058937000 JavaThread "Attach Listener" daemon [_thread_blocked, id=9000, stack(0x000000005a1a0000,0x000000005a2a0000)]
  0x0000000058936000 JavaThread "Signal Dispatcher" daemon [_thread_blocked, id=9128, stack(0x0000000059f80000,0x000000005a080000)]
  0x000000005798a800 JavaThread "Finalizer" daemon [_thread_blocked, id=8336, stack(0x0000000059d60000,0x0000000059e60000)]
  0x0000000057984000 JavaThread "Reference Handler" daemon [_thread_blocked, id=4124, stack(0x0000000059980000,0x0000000059a80000)]

Other Threads:
  0x00000000588e3800 VMThread [stack: 0x0000000059ae0000,0x0000000059be0000] [id=9008]
  0x00000000589bf000 WatcherThread [stack: 0x000000005a560000,0x000000005a660000] [id=8996]

VM state:at safepoint (normal execution)

VM Mutex/Monitor currently owned by a thread:  ([mutex/lock_event])
[0x0000000001f6bee0] Threads_lock - owner thread: 0x00000000588e3800
[0x0000000001f6c3e0] Heap_lock - owner thread: 0x000000005a751000

Heap:
 PSYoungGen      total 38400K, used 16817K [0x00000000d5800000, 0x00000000d8280000, 0x0000000100000000)
  eden space 33280K, 35% used [0x00000000d5800000,0x00000000d6373010,0x00000000d7880000)
  from space 5120K, 99% used [0x00000000d7880000,0x00000000d7d79678,0x00000000d7d80000)
  to   space 5120K, 99% used [0x00000000d7d80000,0x00000000d827dae0,0x00000000d8280000)
 ParOldGen       total 87552K, used 1203K [0x0000000080800000, 0x0000000085d80000, 0x00000000d5800000)
  object space 87552K, 1% used [0x0000000080800000,0x000000008092cc70,0x0000000085d80000)
 Metaspace       used 15824K, capacity 15960K, committed 16128K, reserved 1067008K
  class space    used 1940K, capacity 1997K, committed 2048K, reserved 1048576K

Card table byte_map: [0x0000000011a10000,0x0000000011e10000] byte_map_base: 0x000000001160c000

Marking Bits: (ParMarkBitMap*) 0x00000000704ab460
 Begin Bits: [0x0000000012be0000, 0x0000000014bc0000)
 End Bits:   [0x0000000014bc0000, 0x0000000016ba0000)

Polling page: 0x0000000000110000

CodeCache: size=245760Kb used=5926Kb max_used=5937Kb free=239833Kb
 bounds [0x0000000002650000, 0x0000000002c20000, 0x0000000011650000]
 total_blobs=2408 nmethods=1854 adapters=466
 compilation: enabled

Compilation events (10 events):
Event: 19.069 Thread 0x000000005895e800 1859       3       sun.security.util.ManifestDigester$Entry::<init> (26 bytes)
Event: 19.069 Thread 0x000000005895e800 nmethod 1859 0x0000000002c1a810 code [0x0000000002c1a960, 0x0000000002c1ab30]
Event: 19.069 Thread 0x000000005895e800 1860       3       sun.security.util.ManifestDigester::isNameAttr (102 bytes)
Event: 19.069 Thread 0x0000000058938800 nmethod 1856 0x0000000002c1c410 code [0x0000000002c1c560, 0x0000000002c1c658]
Event: 19.070 Thread 0x000000005895e800 nmethod 1860 0x0000000002c1a090 code [0x0000000002c1a200, 0x0000000002c1a690]
Event: 19.070 Thread 0x0000000058938800 1861       4       java.lang.String::checkBounds (46 bytes)
Event: 19.070 Thread 0x0000000058938800 nmethod 1861 0x0000000002c1ac10 code [0x0000000002c1ad40, 0x0000000002c1add8]
Event: 19.070 Thread 0x0000000058938800 1862 %     4       sun.security.util.ManifestDigester::findSection @ 20 (180 bytes)
Event: 19.073 Thread 0x000000005895e800 1864       3       java.io.InputStream::<init> (5 bytes)
Event: 19.073 Thread 0x000000005895e800 nmethod 1864 0x0000000002c19c90 code [0x0000000002c19e00, 0x0000000002c19fb0]

GC Heap History (2 events):
Event: 18.878 GC heap before
{Heap before GC invocations=1 (full 0):
 PSYoungGen      total 38400K, used 33280K [0x00000000d5800000, 0x00000000d8280000, 0x0000000100000000)
  eden space 33280K, 100% used [0x00000000d5800000,0x00000000d7880000,0x00000000d7880000)
  from space 5120K, 0% used [0x00000000d7d80000,0x00000000d7d80000,0x00000000d8280000)
  to   space 5120K, 0% used [0x00000000d7880000,0x00000000d7880000,0x00000000d7d80000)
 ParOldGen       total 87552K, used 0K [0x0000000080800000, 0x0000000085d80000, 0x00000000d5800000)
  object space 87552K, 0% used [0x0000000080800000,0x0000000080800000,0x0000000085d80000)
 Metaspace       used 14083K, capacity 14296K, committed 14464K, reserved 1062912K
  class space    used 1795K, capacity 1869K, committed 1920K, reserved 1048576K
Event: 18.892 GC heap after
Heap after GC invocations=1 (full 0):
 PSYoungGen      total 38400K, used 5093K [0x00000000d5800000, 0x00000000d8280000, 0x0000000100000000)
  eden space 33280K, 0% used [0x00000000d5800000,0x00000000d5800000,0x00000000d7880000)
  from space 5120K, 99% used [0x00000000d7880000,0x00000000d7d79678,0x00000000d7d80000)
  to   space 5120K, 0% used [0x00000000d7d80000,0x00000000d7d80000,0x00000000d8280000)
 ParOldGen       total 87552K, used 56K [0x0000000080800000, 0x0000000085d80000, 0x00000000d5800000)
  object space 87552K, 0% used [0x0000000080800000,0x000000008080e000,0x0000000085d80000)
 Metaspace       used 14083K, capacity 14296K, committed 14464K, reserved 1062912K
  class space    used 1795K, capacity 1869K, committed 1920K, reserved 1048576K
}

Deoptimization events (10 events):
Event: 18.772 Thread 0x000000005a751000 Uncommon trap: reason=bimorphic action=maybe_recompile pc=0x00000000028a7258 method=java.util.HashMap.getNode(ILjava/lang/Object;)Ljava/util/HashMap$Node; @ 126
Event: 18.773 Thread 0x000000005a751000 Uncommon trap: reason=bimorphic action=maybe_recompile pc=0x00000000028a7258 method=java.util.HashMap.getNode(ILjava/lang/Object;)Ljava/util/HashMap$Node; @ 126
Event: 18.773 Thread 0x000000005a751000 Uncommon trap: reason=bimorphic action=maybe_recompile pc=0x000000000287c234 method=java.util.HashMap.getNode(ILjava/lang/Object;)Ljava/util/HashMap$Node; @ 126
Event: 18.835 Thread 0x000000005a751000 Uncommon trap: reason=bimorphic action=maybe_recompile pc=0x0000000002b34c20 method=java.util.HashMap.getNode(ILjava/lang/Object;)Ljava/util/HashMap$Node; @ 59
Event: 18.835 Thread 0x000000005a751000 Uncommon trap: reason=bimorphic action=maybe_recompile pc=0x0000000002b34c20 method=java.util.HashMap.getNode(ILjava/lang/Object;)Ljava/util/HashMap$Node; @ 59
Event: 18.838 Thread 0x000000005a751000 Uncommon trap: reason=bimorphic action=maybe_recompile pc=0x0000000002b39044 method=java.util.HashMap.putVal(ILjava/lang/Object;Ljava/lang/Object;ZZ)Ljava/lang/Object; @ 203
Event: 18.859 Thread 0x000000005a751000 Uncommon trap: reason=bimorphic action=maybe_recompile pc=0x0000000002b39044 method=java.util.HashMap.putVal(ILjava/lang/Object;Ljava/lang/Object;ZZ)Ljava/lang/Object; @ 203
Event: 18.859 Thread 0x000000005a751000 Uncommon trap: reason=bimorphic action=maybe_recompile pc=0x0000000002b39044 method=java.util.HashMap.putVal(ILjava/lang/Object;Ljava/lang/Object;ZZ)Ljava/lang/Object; @ 203
Event: 18.859 Thread 0x000000005a751000 Uncommon trap: reason=bimorphic action=maybe_recompile pc=0x0000000002b39044 method=java.util.HashMap.putVal(ILjava/lang/Object;Ljava/lang/Object;ZZ)Ljava/lang/Object; @ 203
Event: 18.859 Thread 0x000000005a751000 Uncommon trap: reason=unreached action=reinterpret pc=0x0000000002b5ed94 method=com.itextpdf.text.pdf.RandomAccessFileOrArray.read()I @ 25

Internal exceptions (10 events):
Event: 19.007 Thread 0x000000005a751000 Exception <a 'java/security/PrivilegedActionException'> (0x00000000d5e2c6d0) thrown at [D:\re\workspace\8-2-build-windows-amd64-cygwin\jdk8u20\1074\hotspot\src\share\vm\prims\jvm.cpp, line 1275]
Event: 19.033 Thread 0x000000005a751000 Exception <a 'java/security/PrivilegedActionException'> (0x00000000d5e41a68) thrown at [D:\re\workspace\8-2-build-windows-amd64-cygwin\jdk8u20\1074\hotspot\src\share\vm\prims\jvm.cpp, line 1275]
Event: 19.033 Thread 0x000000005a751000 Exception <a 'java/security/PrivilegedActionException'> (0x00000000d5e44400) thrown at [D:\re\workspace\8-2-build-windows-amd64-cygwin\jdk8u20\1074\hotspot\src\share\vm\prims\jvm.cpp, line 1275]
Event: 19.033 Thread 0x000000005a751000 Exception <a 'java/security/PrivilegedActionException'> (0x00000000d5e46c28) thrown at [D:\re\workspace\8-2-build-windows-amd64-cygwin\jdk8u20\1074\hotspot\src\share\vm\prims\jvm.cpp, line 1275]
Event: 19.044 Thread 0x000000005a751000 Exception <a 'java/security/PrivilegedActionException'> (0x00000000d5e497e8) thrown at [D:\re\workspace\8-2-build-windows-amd64-cygwin\jdk8u20\1074\hotspot\src\share\vm\prims\jvm.cpp, line 1275]
Event: 19.045 Thread 0x000000005a751000 Exception <a 'java/security/PrivilegedActionException'> (0x00000000d5e4c2c0) thrown at [D:\re\workspace\8-2-build-windows-amd64-cygwin\jdk8u20\1074\hotspot\src\share\vm\prims\jvm.cpp, line 1275]
Event: 19.045 Thread 0x000000005a751000 Exception <a 'java/security/PrivilegedActionException'> (0x00000000d5e4f7b8) thrown at [D:\re\workspace\8-2-build-windows-amd64-cygwin\jdk8u20\1074\hotspot\src\share\vm\prims\jvm.cpp, line 1275]
Event: 19.045 Thread 0x000000005a751000 Exception <a 'java/security/PrivilegedActionException'> (0x00000000d5e52de8) thrown at [D:\re\workspace\8-2-build-windows-amd64-cygwin\jdk8u20\1074\hotspot\src\share\vm\prims\jvm.cpp, line 1275]
Event: 19.046 Thread 0x000000005a751000 Exception <a 'java/security/PrivilegedActionException'> (0x00000000d5e557c0) thrown at [D:\re\workspace\8-2-build-windows-amd64-cygwin\jdk8u20\1074\hotspot\src\share\vm\prims\jvm.cpp, line 1275]
Event: 19.046 Thread 0x000000005a751000 Exception <a 'java/security/PrivilegedActionException'> (0x00000000d5e5abe0) thrown at [D:\re\workspace\8-2-build-windows-amd64-cygwin\jdk8u20\1074\hotspot\src\share\vm\prims\jvm.cpp, line 1275]

Events (10 events):
Event: 19.074 loading class sun/security/util/DerEncoder
Event: 19.074 loading class sun/security/util/DerEncoder done
Event: 19.074 loading class sun/security/util/DerOutputStream done
Event: 19.074 loading class sun/security/util/ByteArrayLexOrder
Event: 19.074 loading class sun/security/util/ByteArrayLexOrder done
Event: 19.074 loading class sun/security/util/ByteArrayTagOrder
Event: 19.074 loading class sun/security/util/ByteArrayTagOrder done
Event: 19.074 loading class java/math/BigInteger
Event: 19.075 loading class java/math/BigInteger done
Event: 19.076 loading class sun/security/x509/AlgorithmId


Dynamic libraries:
0x000000013f1c0000 - 0x000000013f1f4000 	C:\Java\jdk180\bin\javaw.exe
0x0000000077bc0000 - 0x0000000077d69000 	C:\Windows\SYSTEM32\ntdll.dll
0x00000000779a0000 - 0x0000000077abf000 	C:\Windows\system32\kernel32.dll
0x000007fefdb40000 - 0x000007fefdbac000 	C:\Windows\system32\KERNELBASE.dll
0x000007feff930000 - 0x000007feffa0b000 	C:\Windows\system32\ADVAPI32.dll
0x000007feffe30000 - 0x000007feffecf000 	C:\Windows\system32\msvcrt.dll
0x000007feff890000 - 0x000007feff8af000 	C:\Windows\SYSTEM32\sechost.dll
0x000007fefdd40000 - 0x000007fefde6d000 	C:\Windows\system32\RPCRT4.dll
0x0000000077ac0000 - 0x0000000077bba000 	C:\Windows\system32\USER32.dll
0x000007feff8b0000 - 0x000007feff917000 	C:\Windows\system32\GDI32.dll
0x000007feff920000 - 0x000007feff92e000 	C:\Windows\system32\LPK.dll
0x000007fefde70000 - 0x000007fefdf39000 	C:\Windows\system32\USP10.dll
0x000007fefbe80000 - 0x000007fefc074000 	C:\Windows\WinSxS\amd64_microsoft.windows.common-controls_6595b64144ccf1df_6.0.7601.17514_none_fa396087175ac9ac\COMCTL32.dll
0x000007feffa10000 - 0x000007feffa81000 	C:\Windows\system32\SHLWAPI.dll
0x000007feff690000 - 0x000007feff6be000 	C:\Windows\system32\IMM32.DLL
0x000007feffaf0000 - 0x000007feffbf9000 	C:\Windows\system32\MSCTF.dll
0x00000000795d0000 - 0x00000000796a2000 	C:\Java\jdk180\jre\bin\msvcr100.dll
0x000000006fcd0000 - 0x0000000070528000 	C:\Java\jdk180\jre\bin\server\jvm.dll
0x000007fef25f0000 - 0x000007fef25f9000 	C:\Windows\system32\WSOCK32.dll
0x000007feff6c0000 - 0x000007feff70d000 	C:\Windows\system32\WS2_32.dll
0x000007fefe120000 - 0x000007fefe128000 	C:\Windows\system32\NSI.dll
0x000007fefa110000 - 0x000007fefa14b000 	C:\Windows\system32\WINMM.dll
0x0000000077d80000 - 0x0000000077d87000 	C:\Windows\system32\PSAPI.DLL
0x00000000591d0000 - 0x00000000591df000 	C:\Java\jdk180\jre\bin\verify.dll
0x0000000059090000 - 0x00000000590b8000 	C:\Java\jdk180\jre\bin\java.dll
0x0000000057a90000 - 0x0000000057aa6000 	C:\Java\jdk180\jre\bin\zip.dll
0x000007fefe900000 - 0x000007feff688000 	C:\Windows\system32\SHELL32.dll
0x000007feffc20000 - 0x000007feffe23000 	C:\Windows\system32\ole32.dll
0x000007fefd980000 - 0x000007fefd98f000 	C:\Windows\system32\profapi.dll
0x000000006c570000 - 0x000000006c708000 	C:\Java\jdk180\jre\bin\awt.dll
0x000007feff7b0000 - 0x000007feff887000 	C:\Windows\system32\OLEAUT32.dll
0x000007fefb330000 - 0x000007fefb386000 	C:\Windows\system32\uxtheme.dll
0x000007fefaf20000 - 0x000007fefaf38000 	C:\Windows\system32\dwmapi.dll
0x000007fefd820000 - 0x000007fefd82f000 	C:\Windows\system32\CRYPTBASE.dll
0x000007fef9f70000 - 0x000007fefa010000 	C:\Windows\WinSxS\amd64_microsoft.windows.common-controls_6595b64144ccf1df_5.82.7601.18201_none_a4d3b9377117c3df\comctl32.dll
0x0000000070ca0000 - 0x0000000070ce7000 	C:\Java\jdk180\jre\bin\fontmanager.dll
0x000007fef7ab0000 - 0x000007fef7caf000 	C:\Windows\system32\d3d9.dll
0x000007fefca50000 - 0x000007fefca5c000 	C:\Windows\system32\VERSION.dll
0x000007fef7aa0000 - 0x000007fef7aa7000 	C:\Windows\system32\d3d8thk.dll
0x000007fee8790000 - 0x000007fee9a8e000 	C:\Windows\system32\nvd3dumx.dll
0x0000000180000000 - 0x00000001802b1000 	C:\Windows\system32\nvspcap64.dll
0x000007fefc7d0000 - 0x000007fefc7fc000 	C:\Windows\system32\powrprof.dll
0x000007fefdf40000 - 0x000007fefe117000 	C:\Windows\system32\SETUPAPI.dll
0x000007fefdc00000 - 0x000007fefdc36000 	C:\Windows\system32\CFGMGR32.dll
0x000007fefdd00000 - 0x000007fefdd1a000 	C:\Windows\system32\DEVOBJ.dll
0x000007fee8620000 - 0x000007fee8787000 	C:\Program Files (x86)\NVIDIA Corporation\3D Vision\nvSCPAPI64.dll
0x000007fef9b40000 - 0x000007fef9e83000 	C:\Windows\system32\nvapi64.dll
0x000007fefdbc0000 - 0x000007fefdbfa000 	C:\Windows\system32\WINTRUST.dll
0x000007fefd9c0000 - 0x000007fefdb2c000 	C:\Windows\system32\CRYPT32.dll
0x000007fefd990000 - 0x000007fefd99f000 	C:\Windows\system32\MSASN1.dll
0x0000000001d90000 - 0x0000000001daa000 	C:\Java\jdk180\jre\bin\net.dll
0x000007fefd160000 - 0x000007fefd1b5000 	C:\Windows\system32\mswsock.dll
0x000007fefd150000 - 0x000007fefd157000 	C:\Windows\System32\wship6.dll
0x0000000001db0000 - 0x0000000001dc1000 	C:\Java\jdk180\jre\bin\nio.dll
0x0000000070910000 - 0x0000000070951000 	C:\Java\jdk180\jre\bin\t2k.dll
0x000007feff710000 - 0x000007feff7a9000 	C:\Windows\system32\CLBCatQ.DLL
0x000007fefc4d0000 - 0x000007fefc5fc000 	C:\Windows\system32\propsys.dll
0x000007fefc620000 - 0x000007fefc64d000 	C:\Windows\system32\ntmarta.dll
0x000007feffa90000 - 0x000007feffae2000 	C:\Windows\system32\WLDAP32.dll
0x000007fefd7c0000 - 0x000007fefd817000 	C:\Windows\system32\apphelp.dll
0x000007fef4330000 - 0x000007fef44cc000 	C:\Windows\system32\NetworkExplorer.dll
0x000007fef7a60000 - 0x000007fef7a94000 	C:\Windows\System32\shdocvw.dll
0x000007fefc0c0000 - 0x000007fefc0cb000 	C:\Windows\system32\slc.dll
0x000007fef95d0000 - 0x000007fef95e8000 	C:\Windows\system32\MPR.dll
0x000007fefb4a0000 - 0x000007fefb4aa000 	C:\Windows\System32\drprov.dll
0x000007fefcd00000 - 0x000007fefcd3d000 	C:\Windows\System32\WINSTA.dll
0x000007fefad20000 - 0x000007fefad42000 	C:\Windows\System32\ntlanman.dll
0x000007fefb480000 - 0x000007fefb49d000 	C:\Windows\System32\davclnt.dll
0x000007fefad00000 - 0x000007fefad0a000 	C:\Windows\System32\DAVHLPR.dll
0x000007fefba30000 - 0x000007fefba45000 	C:\Windows\system32\wkscli.dll
0x000007fef7010000 - 0x000007fef701f000 	C:\Windows\system32\cscapi.dll
0x000007fefba50000 - 0x000007fefba5c000 	C:\Windows\system32\netutils.dll
0x000007fee9d10000 - 0x000007fee9f81000 	C:\Windows\system32\wpdshext.dll
0x000007fefb110000 - 0x000007fefb326000 	C:\Windows\WinSxS\amd64_microsoft.windows.gdiplus_6595b64144ccf1df_1.1.7601.18455_none_2b283fd671e9bf4d\gdiplus.dll
0x000007fef1e30000 - 0x000007fef1eed000 	C:\Windows\system32\PortableDeviceApi.dll
0x000007fef1ef0000 - 0x000007fef1f29000 	C:\Windows\system32\PortableDeviceTypes.dll
0x000007fef8150000 - 0x000007fef8185000 	C:\Windows\system32\EhStorShell.dll
0x000007fef41d0000 - 0x000007fef41f7000 	C:\Windows\system32\EhStorAPI.dll
0x000007fef7a50000 - 0x000007fef7a5c000 	C:\Windows\system32\LINKINFO.dll
0x000007fefad70000 - 0x000007fefaed1000 	C:\Windows\system32\WindowsCodecs.dll
0x000007fef7020000 - 0x000007fef725d000 	C:\PROGRA~1\MIF5BA~1\Office15\GROOVEEX.DLL
0x000000005b530000 - 0x000000005b5c8000 	C:\Windows\system32\MSVCP100.dll
0x0000000059040000 - 0x000000005906b000 	C:\Windows\system32\ATL100.DLL
0x000007fef6cf0000 - 0x000007fef700d000 	C:\Windows\system32\msi.dll
0x000007fef8190000 - 0x000007fef89f7000 	C:\PROGRA~1\MIF5BA~1\Office15\1042\GrooveIntlResource.dll
0x000007fef80d0000 - 0x000007fef814e000 	C:\Windows\System32\cscui.dll
0x000007fef80c0000 - 0x000007fef80cc000 	C:\Windows\System32\CSCDLL.dll
0x000007fef8040000 - 0x000007fef80c0000 	C:\Windows\system32\ntshrui.dll
0x000007fefd460000 - 0x000007fefd483000 	C:\Windows\system32\srvcli.dll
0x000007fef5270000 - 0x000007fef5311000 	C:\Windows\system32\ime\imekr8\imkrtip.dll
0x000007fef5120000 - 0x000007fef51c5000 	C:\Windows\system32\ime\shared\imetip.dll
0x000007fef7600000 - 0x000007fef7628000 	C:\Windows\system32\ime\imekr8\imkrapi.dll
0x000007fef4d10000 - 0x000007fef4d3d000 	C:\Windows\system32\ime\shared\imjkapi.dll

VM Arguments:
jvm_args: -Dfile.encoding=Cp1252 
java_command: control.MainControl
java_class_path (initial): F:\projects\PDFLocker\bin;F:\projects\PDFLocker\library\apacheds-all-1.5.4.jar;F:\projects\PDFLocker\library\bcmail-jdk16-1.46.jar;F:\projects\PDFLocker\library\bcprov-jdk16-1.46.jar;F:\projects\PDFLocker\library\bctsp-jdk16-1.46.jar;F:\projects\PDFLocker\library\itextpdf-5.2.1.jar;C:\Users\PC\Downloads\opencsv-3.1.jar
Launcher Type: SUN_STANDARD

Environment Variables:
JAVA_HOME=C:\Java\jdk180
PATH=C:/Java/jdk180/bin/../jre/bin/server;C:/Java/jdk180/bin/../jre/bin;C:/Java/jdk180/bin/../jre/lib/amd64;C:\Program Files (x86)\NVIDIA Corporation\PhysX\Common;C:\Java\jdk180\bin;C:\Windows\system32;C:\Windows;C:\Windows\System32\Wbem;C:\Windows\System32\WindowsPowerShell\v1.0\;C:\maven323\bin;C:\ant194\bin;C:\Program Files (x86)\Microsoft SQL Server\100\Tools\Binn\;C:\Program Files\Microsoft SQL Server\100\Tools\Binn\;C:\Program Files\Microsoft SQL Server\100\DTS\Binn\;C:\eclipse;
USERNAME=PC
OS=Windows_NT
PROCESSOR_IDENTIFIER=Intel64 Family 6 Model 42 Stepping 7, GenuineIntel



---------------  S Y S T E M  ---------------

OS: Windows 7 , 64 bit Build 7601 Service Pack 1

CPU:total 8 (4 cores per cpu, 2 threads per core) family 6 model 42 stepping 7, cmov, cx8, fxsr, mmx, sse, sse2, sse3, ssse3, sse4.1, sse4.2, popcnt, avx, aes, clmul, ht, tsc, tscinvbit

Memory: 4k page, physical 8352652k(630112k free), swap 9903848k(5052k free)

vm_info: Java HotSpot(TM) 64-Bit Server VM (25.20-b23) for windows-amd64 JRE (1.8.0_20-b26), built on Jul 30 2014 13:51:23 by "java_re" with MS VC++ 10.0 (VS2010)

time: Fri Jan 23 03:59:42 2015
elapsed time: 19 seconds (0d 0h 0m 19s)

